16:48:55 INFO  WebServerMain [main] - ##########################################################
16:48:55 INFO  WebServerMain [main] - Application STARTING UP
16:48:55 INFO  WebServerMain [main] - ##########################################################
16:48:55 INFO  ConfigurationReader [main] - Reading web server configuration
16:48:55 INFO  ConfigurationReader [main] - ****************************************************************
16:48:55 INFO  ConfigurationReader [main] - Configuration
16:48:55 INFO  ConfigurationReader [main] - 
port: 8086
number of threads: 11
root path: Content

16:48:55 INFO  ConfigurationReader [main] - ****************************************************************
16:48:55 INFO  WebServer [Thread-0] - Server started: Listening on port: 8086 root path: Content no. of threads: 11
16:48:55 INFO  WebServer [Thread-0] - Listening on port: 8086
16:48:57 INFO  WebServerMain [Thread-1] - Disposing webserver
16:48:57 INFO  WebServer [Thread-1] - dispose called
16:48:57 INFO  WebServer [Thread-1] - Server shutting down: Successfully closed server socket listening on port: 8086
16:48:57 ERROR WebServer [Thread-0] - Error listening on 8086 because Socket closed
16:48:57 INFO  WebServerMain [Thread-1] - ##########################################################
16:48:57 INFO  WebServerMain [Thread-1] - Application SHUTTING DOWN
16:48:57 INFO  WebServerMain [Thread-1] - ##########################################################
16:48:57 ERROR WebServer [Thread-0] - Error listening on 8086 because Socket is closed
16:49:08 INFO  WebServerMain [main] - ##########################################################
16:49:08 INFO  WebServerMain [main] - Application STARTING UP
16:49:08 INFO  WebServerMain [main] - ##########################################################
16:49:08 INFO  ConfigurationReader [main] - Reading web server configuration
16:49:08 INFO  ConfigurationReader [main] - ****************************************************************
16:49:08 INFO  ConfigurationReader [main] - Configuration
16:49:08 INFO  ConfigurationReader [main] - 
port: 8086
number of threads: 11
root path: Content

16:49:08 INFO  ConfigurationReader [main] - ****************************************************************
16:49:08 INFO  WebServer [Thread-0] - Server started: Listening on port: 8086 root path: Content no. of threads: 11
16:49:08 INFO  WebServer [Thread-0] - Listening on port: 8086
